[2022-08-05T15:26:47.282Z] starting `heroku update --autoupdate` from /usr/lib/heroku/bin/run version
waiting until 2022-08-05T16:26:47.645Z to update
waiting until 2022-08-05T16:26:47.645Z to update
waiting until 2022-08-05T16:26:47.645Z to update
waiting until 2022-08-05T16:26:47.645Z to update
waiting until 2022-08-05T16:26:47.645Z to update
waiting until 2022-08-05T16:26:47.645Z to update
waiting until 2022-08-05T16:26:47.645Z to update
waiting until 2022-08-05T16:26:47.645Z to update
waiting until 2022-08-05T16:26:47.645Z to update
waiting until 2022-08-05T16:26:47.645Z to update
waiting until 2022-08-05T16:26:47.645Z to update
waiting until 2022-08-05T16:26:47.645Z to update
waiting until 2022-08-05T16:26:47.645Z to update
waiting until 2022-08-05T16:26:47.645Z to update
waiting until 2022-08-05T16:26:47.645Z to update
waiting until 2022-08-05T16:26:47.645Z to update
waiting until 2022-08-05T16:26:47.645Z to update
waiting until 2022-08-05T16:26:47.645Z to update
waiting until 2022-08-05T16:26:47.645Z to update
waiting until 2022-08-05T16:26:47.645Z to update
waiting until 2022-08-05T16:26:47.645Z to update
waiting until 2022-08-05T16:26:47.645Z to update
waiting until 2022-08-05T16:26:47.645Z to update
waiting until 2022-08-05T16:26:47.645Z to update
waiting until 2022-08-05T16:26:47.645Z to update
waiting until 2022-08-05T16:26:47.645Z to update
waiting until 2022-08-05T16:26:47.645Z to update
waiting until 2022-08-05T16:26:47.645Z to update
waiting until 2022-08-05T16:26:47.645Z to update
waiting until 2022-08-05T16:26:47.645Z to update
waiting until 2022-08-05T16:26:47.645Z to update
waiting until 2022-08-05T16:26:47.645Z to update
waiting until 2022-08-05T16:26:47.645Z to update
waiting until 2022-08-05T16:26:47.645Z to update
waiting until 2022-08-05T16:26:47.645Z to update
waiting until 2022-08-05T16:26:47.645Z to update
waiting until 2022-08-05T16:26:47.645Z to update
waiting until 2022-08-05T16:26:47.645Z to update
waiting until 2022-08-05T16:26:47.645Z to update
waiting until 2022-08-05T16:26:47.645Z to update
waiting until 2022-08-05T16:26:47.645Z to update
waiting until 2022-08-05T16:26:47.645Z to update
waiting until 2022-08-05T16:26:47.645Z to update
waiting until 2022-08-05T16:26:47.645Z to update
waiting until 2022-08-05T16:26:47.645Z to update
waiting until 2022-08-05T16:26:47.645Z to update
waiting until 2022-08-05T16:26:47.645Z to update
waiting until 2022-08-05T16:26:47.645Z to update
waiting until 2022-08-05T16:26:47.645Z to update
waiting until 2022-08-05T16:26:47.645Z to update
waiting until 2022-08-05T16:26:47.645Z to update
waiting until 2022-08-05T16:26:47.645Z to update
waiting until 2022-08-05T16:26:47.645Z to update
waiting until 2022-08-05T16:26:47.645Z to update
waiting until 2022-08-05T16:26:47.645Z to update
waiting until 2022-08-05T16:26:47.645Z to update
waiting until 2022-08-05T16:26:47.645Z to update
waiting until 2022-08-05T16:26:47.645Z to update
waiting until 2022-08-05T16:26:47.645Z to update
waiting until 2022-08-05T16:26:47.645Z to update
time to update
heroku: Updating CLI... fetching manifest
heroku: Updating CLI... !
